Comunicacion recibida de puerto
IP: 127.0.0.1
Fecha Thu May 14 12:26:01 CEST 2015
Se han descargado: 
12 containers de Azucar
5 containers de Harina
20 containers de Sal

Comunicacion recibida de puerto
IP: 158.49.188.168
Fecha Thu May 14 14:27:13 CEST 2015
Se han descargado: 
12 containers de Azucar
5 containers de Harina
20 containers de Sal

Comunicacion recibida de puerto
IP: 158.49.188.168
Fecha Thu May 14 14:31:27 CEST 2015
Se han descargado: 
12 containers de Azucar
5 containers de Harina
20 containers de Sal

Comunicacion recibida de puerto
IP: 158.49.188.168
Fecha Thu May 14 14:33:01 CEST 2015
Se han descargado: 
12 containers de Azucar
5 containers de Harina
20 containers de Sal

Comunicacion recibida de puerto
IP: 158.49.188.168
Fecha Thu May 14 14:37:40 CEST 2015
Se han descargado: 
12 containers de Azucar
5 containers de Harina
20 containers de Sal

Comunicacion recibida de puerto
IP: 158.49.188.168
Fecha Thu May 14 14:37:54 CEST 2015
Se han descargado: 
12 containers de Azucar
5 containers de Harina
20 containers de Sal

Comunicacion recibida de puerto
IP: 158.49.188.168
Fecha Thu May 14 14:39:53 CEST 2015
Se han descargado: 
12 containers de Azucar
5 containers de Harina
20 containers de Sal

Comunicacion recibida de puerto
IP: 158.49.188.168
Fecha Thu May 14 14:39:53 CEST 2015
Se han descargado: 
12 containers de Azucar
5 containers de Harina
20 containers de Sal

Comunicacion recibida de puerto
IP: 158.49.188.168
Fecha Thu May 14 14:39:54 CEST 2015
Se han descargado: 
12 containers de Azucar
5 containers de Harina
20 containers de Sal

Comunicacion recibida de puerto
IP: 158.49.188.168
Fecha Thu May 14 14:39:54 CEST 2015
Se han descargado: 
12 containers de Azucar
5 containers de Harina
20 containers de Sal

Comunicacion recibida de puerto
IP: 158.49.188.168
Fecha Thu May 14 14:39:54 CEST 2015
Se han descargado: 
12 containers de Azucar
5 containers de Harina
20 containers de Sal

Comunicacion recibida de puerto
IP: 158.49.188.168
Fecha Thu May 14 14:39:54 CEST 2015
Se han descargado: 
12 containers de Azucar
5 containers de Harina
20 containers de Sal

Comunicacion recibida de puerto
IP: 158.49.188.168
Fecha Thu May 14 14:39:54 CEST 2015
Se han descargado: 
12 containers de Azucar
5 containers de Harina
20 containers de Sal

Comunicacion recibida de puerto
IP: 158.49.188.168
Fecha Thu May 14 14:39:54 CEST 2015
Se han descargado: 
12 containers de Azucar
5 containers de Harina
20 containers de Sal

Comunicacion recibida de puerto
IP: 158.49.188.168
Fecha Thu May 14 14:39:54 CEST 2015
Se han descargado: 
12 containers de Azucar
5 containers de Harina
20 containers de Sal

Comunicacion recibida de puerto
IP: 158.49.188.168
Fecha Thu May 14 14:39:54 CEST 2015
Se han descargado: 
12 containers de Azucar
5 containers de Harina
20 containers de Sal

Comunicacion recibida de puerto
IP: 192.168.1.129
Fecha Sun May 17 13:07:46 CEST 2015
Se han descargado: 
12 containers de Azucar
5 containers de Harina
20 containers de Sal

